[2017-11-06 12:51:55] request.INFO: Matched route "admin_module_catalog". {"route_parameters":{"_controller":"PrestaShopBundle\\Controller\\Admin\\ModuleController::catalogAction","_legacy_controller":"AdminModules","_route":"admin_module_catalog"},"request_uri":"http://localhost:8080/adminjc/index.php/module/catalog?_token=uvSA90HxDXhpEpq8R_Iiqpk_D9KbnyteZ9Jkx6Xlslk"} []
[2017-11-06 12:51:55] security.DEBUG: Read existing security token from the session. {"key":"_security_main"} []
[2017-11-06 12:51:55] security.DEBUG: User was reloaded from a user provider. {"username":"bialylukasz61@gmail.com","provider":"PrestaShopBundle\\Security\\Admin\\EmployeeProvider"} []
[2017-11-06 12:52:02] app.ERROR: Data from PrestaShop Addons is invalid, and cannot fallback on cache.  {"exception":"cURL error 28: Resolving timed out after 5515 milliseconds"} []
[2017-11-06 12:52:03] security.DEBUG: Stored the security token in the session. {"key":"_security_main"} []
[2017-11-06 12:51:56] request.INFO: Matched route "admin_module_catalog". {"route_parameters":{"_controller":"PrestaShopBundle\\Controller\\Admin\\ModuleController::catalogAction","_legacy_controller":"AdminModules","_route":"admin_module_catalog"},"request_uri":"http://localhost:8080/adminjc/index.php/module/catalog?_token=uvSA90HxDXhpEpq8R_Iiqpk_D9KbnyteZ9Jkx6Xlslk"} []
[2017-11-06 12:52:03] security.DEBUG: Read existing security token from the session. {"key":"_security_main"} []
[2017-11-06 12:52:03] security.DEBUG: User was reloaded from a user provider. {"username":"bialylukasz61@gmail.com","provider":"PrestaShopBundle\\Security\\Admin\\EmployeeProvider"} []
[2017-11-06 12:52:09] app.ERROR: Data from PrestaShop Addons is invalid, and cannot fallback on cache.  {"exception":"cURL error 28: Resolving timed out after 5515 milliseconds"} []
[2017-11-06 12:52:09] security.DEBUG: Stored the security token in the session. {"key":"_security_main"} []
[2017-11-06 12:52:09] request.INFO: Matched route "admin_module_catalog_refresh". {"route_parameters":{"category":null,"keyword":null,"_controller":"PrestaShopBundle\\Controller\\Admin\\ModuleController::refreshCatalogAction","_legacy_controller":"AdminModules","_route":"admin_module_catalog_refresh"},"request_uri":"http://localhost:8080/adminjc/index.php/module/catalog/refresh?_token=uvSA90HxDXhpEpq8R_Iiqpk_D9KbnyteZ9Jkx6Xlslk"} []
[2017-11-06 12:52:09] security.DEBUG: Read existing security token from the session. {"key":"_security_main"} []
[2017-11-06 12:52:09] security.DEBUG: User was reloaded from a user provider. {"username":"bialylukasz61@gmail.com","provider":"PrestaShopBundle\\Security\\Admin\\EmployeeProvider"} []
[2017-11-06 12:52:15] app.ERROR: Data from PrestaShop Addons is invalid, and cannot fallback on cache.  {"exception":"cURL error 28: Resolving timed out after 5514 milliseconds"} []
[2017-11-06 12:52:20] security.DEBUG: Stored the security token in the session. {"key":"_security_main"} []
[2017-11-06 12:52:17] request.INFO: Matched route "admin_module_manage". {"route_parameters":{"category":null,"keyword":null,"_controller":"PrestaShopBundle\\Controller\\Admin\\ModuleController::manageAction","_legacy_controller":"AdminModules","_route":"admin_module_manage"},"request_uri":"http://localhost:8080/adminjc/index.php/module/manage?_token=uvSA90HxDXhpEpq8R_Iiqpk_D9KbnyteZ9Jkx6Xlslk"} []
[2017-11-06 12:52:20] security.DEBUG: Read existing security token from the session. {"key":"_security_main"} []
[2017-11-06 12:52:20] security.DEBUG: User was reloaded from a user provider. {"username":"bialylukasz61@gmail.com","provider":"PrestaShopBundle\\Security\\Admin\\EmployeeProvider"} []
[2017-11-06 12:52:26] app.ERROR: Data from PrestaShop Addons is invalid, and cannot fallback on cache.  {"exception":"cURL error 28: Resolving timed out after 5514 milliseconds"} []
[2017-11-06 12:52:29] request.INFO: Matched route "admin_module_manage". {"route_parameters":{"category":null,"keyword":null,"_controller":"PrestaShopBundle\\Controller\\Admin\\ModuleController::manageAction","_legacy_controller":"AdminModules","_route":"admin_module_manage"},"request_uri":"http://localhost:8080/adminjc/index.php/module/manage?_token=uvSA90HxDXhpEpq8R_Iiqpk_D9KbnyteZ9Jkx6Xlslk"} []
[2017-11-06 12:52:32] security.DEBUG: Read existing security token from the session. {"key":"_security_main"} []
[2017-11-06 12:52:32] security.DEBUG: User was reloaded from a user provider. {"username":"bialylukasz61@gmail.com","provider":"PrestaShopBundle\\Security\\Admin\\EmployeeProvider"} []
[2017-11-06 12:52:37] app.ERROR: Data from PrestaShop Addons is invalid, and cannot fallback on cache.  {"exception":"cURL error 28: Resolving timed out after 5514 milliseconds"} []
[2017-11-06 12:59:39] request.INFO: Matched route "admin_module_manage". {"route_parameters":{"category":null,"keyword":null,"_controller":"PrestaShopBundle\\Controller\\Admin\\ModuleController::manageAction","_legacy_controller":"AdminModules","_route":"admin_module_manage"},"request_uri":"http://localhost:8080/adminjc/index.php/module/manage?_token=uvSA90HxDXhpEpq8R_Iiqpk_D9KbnyteZ9Jkx6Xlslk"} []
[2017-11-06 12:59:39] security.DEBUG: Read existing security token from the session. {"key":"_security_main"} []
[2017-11-06 12:59:39] security.DEBUG: User was reloaded from a user provider. {"username":"bialylukasz61@gmail.com","provider":"PrestaShopBundle\\Security\\Admin\\EmployeeProvider"} []
[2017-11-06 12:59:45] app.ERROR: Data from PrestaShop Addons is invalid, and cannot fallback on cache.  {"exception":"cURL error 28: Resolving timed out after 5514 milliseconds"} []
[2017-11-06 13:02:00] request.INFO: Matched route "admin_module_manage". {"route_parameters":{"category":null,"keyword":null,"_controller":"PrestaShopBundle\\Controller\\Admin\\ModuleController::manageAction","_legacy_controller":"AdminModules","_route":"admin_module_manage"},"request_uri":"http://localhost:8080/adminjc/index.php/module/manage?_token=uvSA90HxDXhpEpq8R_Iiqpk_D9KbnyteZ9Jkx6Xlslk"} []
[2017-11-06 13:02:00] security.DEBUG: Read existing security token from the session. {"key":"_security_main"} []
[2017-11-06 13:02:00] security.DEBUG: User was reloaded from a user provider. {"username":"bialylukasz61@gmail.com","provider":"PrestaShopBundle\\Security\\Admin\\EmployeeProvider"} []
[2017-11-06 13:02:05] app.ERROR: Data from PrestaShop Addons is invalid, and cannot fallback on cache.  {"exception":"cURL error 28: Resolving timed out after 5514 milliseconds"} []
[2017-11-06 13:06:48] request.INFO: Matched route "admin_module_manage". {"route_parameters":{"category":null,"keyword":null,"_controller":"PrestaShopBundle\\Controller\\Admin\\ModuleController::manageAction","_legacy_controller":"AdminModules","_route":"admin_module_manage"},"request_uri":"http://localhost:8080/adminjc/index.php/module/manage?_token=uvSA90HxDXhpEpq8R_Iiqpk_D9KbnyteZ9Jkx6Xlslk"} []
[2017-11-06 13:06:48] security.DEBUG: Read existing security token from the session. {"key":"_security_main"} []
[2017-11-06 13:06:48] security.DEBUG: User was reloaded from a user provider. {"username":"bialylukasz61@gmail.com","provider":"PrestaShopBundle\\Security\\Admin\\EmployeeProvider"} []
[2017-11-06 13:06:54] app.ERROR: Data from PrestaShop Addons is invalid, and cannot fallback on cache.  {"exception":"cURL error 28: Resolving timed out after 5515 milliseconds"} []
[2017-11-06 13:07:22] request.INFO: Matched route "admin_module_manage". {"route_parameters":{"category":null,"keyword":null,"_controller":"PrestaShopBundle\\Controller\\Admin\\ModuleController::manageAction","_legacy_controller":"AdminModules","_route":"admin_module_manage"},"request_uri":"http://localhost:8080/adminjc/index.php/module/manage?_token=uvSA90HxDXhpEpq8R_Iiqpk_D9KbnyteZ9Jkx6Xlslk"} []
[2017-11-06 13:07:22] security.DEBUG: Read existing security token from the session. {"key":"_security_main"} []
[2017-11-06 13:07:22] security.DEBUG: User was reloaded from a user provider. {"username":"bialylukasz61@gmail.com","provider":"PrestaShopBundle\\Security\\Admin\\EmployeeProvider"} []
[2017-11-06 13:07:27] app.ERROR: Data from PrestaShop Addons is invalid, and cannot fallback on cache.  {"exception":"cURL error 28: Resolving timed out after 5515 milliseconds"} []
